<?xml version="1.0" encoding="UTF-8"?>
<testng-results ignored="0" total="1" passed="1" failed="0" skipped="0">
  <reporter-output>
  </reporter-output>
  <suite started-at="2023-04-08T22:29:23 ACST" name="Default suite" finished-at="2023-04-08T22:29:23 ACST" duration-ms="31">
    <groups>
    </groups>
    <test started-at="2023-04-08T22:29:23 ACST" name="Default test" finished-at="2023-04-08T22:29:23 ACST" duration-ms="31">
      <class name="learning.seleniumjava.StreamsTest1">
        <test-method signature="streamCollect()[pri:0, instance:learning.seleniumjava.StreamsTest1@57d7f8ca]" started-at="2023-04-08T22:29:23 ACST" name="streamCollect" finished-at="2023-04-08T22:29:23 ACST" duration-ms="7" status="PASS">
          <reporter-output>
          </reporter-output>
        </test-method> <!-- streamCollect -->
      </class> <!-- learning.seleniumjava.StreamsTest1 -->
    </test> <!-- Default test -->
  </suite> <!-- Default suite -->
</testng-results>
